info: Microsoft.AspNetCore.DataProtection.KeyManagement.XmlKeyManager[63]
      User profile is available. Using 'C:\Users\Dnadd\AppData\Local\ASP.NET\DataProtection-Keys' as key repository and Windows DPAPI to encrypt keys at rest.
info: Microsoft.Hosting.Lifetime[0]
      Application started. Press Ctrl+C to shut down.
info: Microsoft.Hosting.Lifetime[0]
      Hosting environment: Development
info: Microsoft.Hosting.Lifetime[0]
      Content root path: C:\MobilitySensing\server
info: Microsoft.AspNetCore.Hosting.Diagnostics[1]
      Request starting HTTP/1.1 GET http://localhost:5000/bridge - -
warn: Microsoft.AspNetCore.HttpsPolicy.HttpsRedirectionMiddleware[3]
      Failed to determine the https port for redirect.
info: Microsoft.AspNetCore.Routing.EndpointMiddleware[0]
      Executing endpoint '/_Host'
info: Microsoft.AspNetCore.Mvc.RazorPages.Infrastructure.PageActionInvoker[3]
      Route matched with {page = "/_Host", action = "", controller = ""}. Executing page /_Host
info: Microsoft.AspNetCore.Mvc.RazorPages.Infrastructure.PageActionInvoker[107]
      Executing an implicit handler method - ModelState is Valid
info: Microsoft.AspNetCore.Mvc.RazorPages.Infrastructure.PageActionInvoker[109]
      Executed an implicit handler method, returned result Microsoft.AspNetCore.Mvc.RazorPages.PageResult.
info: Microsoft.AspNetCore.Mvc.RazorPages.Infrastructure.PageActionInvoker[4]
      Executed page /_Host in 440.4013ms
info: Microsoft.AspNetCore.Routing.EndpointMiddleware[1]
      Executed endpoint '/_Host'
info: Microsoft.AspNetCore.Hosting.Diagnostics[2]
      Request finished HTTP/1.1 GET http://localhost:5000/bridge - - - 200 - text/html;+charset=utf-8 772.8422ms
info: Microsoft.AspNetCore.Hosting.Diagnostics[1]
      Request starting HTTP/1.1 POST http://localhost:5000/_blazor/disconnect multipart/form-data;+boundary=----WebKitFormBoundaryZbfHB8vwQYDBTBA9 359
info: Microsoft.AspNetCore.Routing.EndpointMiddleware[0]
      Executing endpoint 'Blazor disconnect'
info: Microsoft.AspNetCore.Routing.EndpointMiddleware[1]
      Executed endpoint 'Blazor disconnect'
info: Microsoft.AspNetCore.Hosting.Diagnostics[2]
      Request finished HTTP/1.1 POST http://localhost:5000/_blazor/disconnect multipart/form-data;+boundary=----WebKitFormBoundaryZbfHB8vwQYDBTBA9 359 - 200 - - 103.6132ms
info: Microsoft.AspNetCore.Hosting.Diagnostics[1]
      Request starting HTTP/1.1 GET http://localhost:5000/_framework/blazor.server.js - -
info: Microsoft.AspNetCore.Hosting.Diagnostics[1]
      Request starting HTTP/1.1 GET http://localhost:5000/_framework/aspnetcore-browser-refresh.js - -
info: Microsoft.AspNetCore.Hosting.Diagnostics[2]
      Request finished HTTP/1.1 GET http://localhost:5000/_framework/aspnetcore-browser-refresh.js - - - 200 11992 application/javascript;+charset=utf-8 5.4720ms
info: Microsoft.AspNetCore.Hosting.Diagnostics[1]
      Request starting HTTP/1.1 GET http://localhost:5000/assets/css/styles.css - -
info: Microsoft.AspNetCore.Hosting.Diagnostics[1]
      Request starting HTTP/1.1 GET http://localhost:5000/_content/Radzen.Blazor/Radzen.Blazor.js - -
info: Microsoft.AspNetCore.StaticFiles.StaticFileMiddleware[6]
      The file /_framework/blazor.server.js was not modified
info: Microsoft.AspNetCore.StaticFiles.StaticFileMiddleware[6]
      The file /assets/css/styles.css was not modified
info: Microsoft.AspNetCore.StaticFiles.StaticFileMiddleware[6]
      The file /_content/Radzen.Blazor/Radzen.Blazor.js was not modified
info: Microsoft.AspNetCore.Hosting.Diagnostics[2]
      Request finished HTTP/1.1 GET http://localhost:5000/_framework/blazor.server.js - - - 304 - application/javascript 100.0452ms
info: Microsoft.AspNetCore.Hosting.Diagnostics[2]
      Request finished HTTP/1.1 GET http://localhost:5000/_content/Radzen.Blazor/Radzen.Blazor.js - - - 304 - application/javascript 71.8723ms
info: Microsoft.AspNetCore.Hosting.Diagnostics[2]
      Request finished HTTP/1.1 GET http://localhost:5000/assets/css/styles.css - - - 304 - text/css 81.6694ms
info: Microsoft.AspNetCore.Hosting.Diagnostics[1]
      Request starting HTTP/1.1 GET http://localhost:5000/_vs/browserLink - -
info: Microsoft.AspNetCore.Hosting.Diagnostics[1]
      Request starting HTTP/1.1 GET http://localhost:5000/assets/css/styles-generated.css - -
info: Microsoft.AspNetCore.StaticFiles.StaticFileMiddleware[6]
      The file /assets/css/styles-generated.css was not modified
info: Microsoft.AspNetCore.Hosting.Diagnostics[2]
      Request finished HTTP/1.1 GET http://localhost:5000/assets/css/styles-generated.css - - - 304 - text/css 0.9498ms
info: Microsoft.AspNetCore.Hosting.Diagnostics[1]
      Request starting HTTP/1.1 GET http://localhost:5000/_content/Radzen.Blazor/css/standard.css - -
info: Microsoft.AspNetCore.StaticFiles.StaticFileMiddleware[6]
      The file /_content/Radzen.Blazor/css/standard.css was not modified
info: Microsoft.AspNetCore.Hosting.Diagnostics[2]
      Request finished HTTP/1.1 GET http://localhost:5000/_content/Radzen.Blazor/css/standard.css - - - 304 - text/css 0.8372ms
info: Microsoft.AspNetCore.Hosting.Diagnostics[1]
      Request starting HTTP/1.1 GET http://localhost:5000/_blazor/initializers - -
info: Microsoft.AspNetCore.Routing.EndpointMiddleware[0]
      Executing endpoint 'Blazor initializers'
info: Microsoft.AspNetCore.Hosting.Diagnostics[2]
      Request finished HTTP/1.1 GET http://localhost:5000/_vs/browserLink - - - 200 - text/javascript;+charset=UTF-8 571.1672ms
info: Microsoft.AspNetCore.Hosting.Diagnostics[1]
      Request starting HTTP/1.1 GET http://localhost:5000/_content/Radzen.Blazor/fonts/SourceSansPro-Regular.woff - -
info: Microsoft.AspNetCore.StaticFiles.StaticFileMiddleware[6]
      The file /_content/Radzen.Blazor/fonts/SourceSansPro-Regular.woff was not modified
info: Microsoft.AspNetCore.Hosting.Diagnostics[2]
      Request finished HTTP/1.1 GET http://localhost:5000/_content/Radzen.Blazor/fonts/SourceSansPro-Regular.woff - - - 304 - application/font-woff 4.1114ms
info: Microsoft.AspNetCore.Routing.EndpointMiddleware[1]
      Executed endpoint 'Blazor initializers'
info: Microsoft.AspNetCore.Hosting.Diagnostics[2]
      Request finished HTTP/1.1 GET http://localhost:5000/_blazor/initializers - - - 200 - application/json;+charset=utf-8 91.3268ms
info: Microsoft.AspNetCore.Hosting.Diagnostics[1]
      Request starting HTTP/1.1 GET http://localhost:5000/favicon.ico - -
info: Microsoft.AspNetCore.StaticFiles.StaticFileMiddleware[6]
      The file /favicon.ico was not modified
info: Microsoft.AspNetCore.Hosting.Diagnostics[2]
      Request finished HTTP/1.1 GET http://localhost:5000/favicon.ico - - - 304 - image/x-icon 1.3817ms
info: Microsoft.AspNetCore.Hosting.Diagnostics[1]
      Request starting HTTP/1.1 POST http://localhost:5000/_blazor/negotiate?negotiateVersion=1 text/plain;charset=UTF-8 0
info: Microsoft.AspNetCore.Routing.EndpointMiddleware[0]
      Executing endpoint '/_blazor/negotiate'
info: Microsoft.AspNetCore.Routing.EndpointMiddleware[1]
      Executed endpoint '/_blazor/negotiate'
info: Microsoft.AspNetCore.Hosting.Diagnostics[2]
      Request finished HTTP/1.1 POST http://localhost:5000/_blazor/negotiate?negotiateVersion=1 text/plain;charset=UTF-8 0 - 200 316 application/json 28.2102ms
info: Microsoft.AspNetCore.Hosting.Diagnostics[1]
      Request starting HTTP/1.1 GET http://localhost:5000/_blazor?id=4R0JeGWjvtzAdGbLu4AbiQ - -
info: Microsoft.AspNetCore.Routing.EndpointMiddleware[0]
      Executing endpoint '/_blazor'
warn: Microsoft.EntityFrameworkCore.Model.Validation[20601]
      The 'bool' property 'is_active' on entity type 'User' is configured with a database-generated default. This default will always be used for inserts when the property has the value 'false', since this is the CLR default for the 'bool' type. Consider using the nullable 'bool?' type instead, so that the default will only be used for inserts when the property value is 'null'.
warn: Microsoft.EntityFrameworkCore.Model.Validation[20601]
      The 'bool' property 'is_admin' on entity type 'User' is configured with a database-generated default. This default will always be used for inserts when the property has the value 'false', since this is the CLR default for the 'bool' type. Consider using the nullable 'bool?' type instead, so that the default will only be used for inserts when the property value is 'null'.
info: Microsoft.EntityFrameworkCore.Infrastructure[10403]
      Entity Framework Core 6.0.0 initialized 'BridgesenseDataContext' using provider 'Npgsql.EntityFrameworkCore.PostgreSQL:6.0.0+025fc55189ae41e3f2b98bcbe4eb44c505653700' with options: None
info: Microsoft.EntityFrameworkCore.Database.Command[20101]
      Executed DbCommand (290ms) [Parameters=[], CommandType='Text', CommandTimeout='30']
      SELECT COUNT(*)::INT
      FROM public.bridges AS b
warn: Microsoft.EntityFrameworkCore.Query[10102]
      The query uses a row limiting operator ('Skip'/'Take') without an 'OrderBy' operator. This may lead to unpredictable results. If the 'Distinct' operator is used after 'OrderBy', then make sure to use the 'OrderBy' operator after 'Distinct' as the ordering would otherwise get erased.
warn: Microsoft.EntityFrameworkCore.Query[10102]
      The query uses a row limiting operator ('Skip'/'Take') without an 'OrderBy' operator. This may lead to unpredictable results. If the 'Distinct' operator is used after 'OrderBy', then make sure to use the 'OrderBy' operator after 'Distinct' as the ordering would otherwise get erased.
info: Microsoft.EntityFrameworkCore.Database.Command[20101]
      Executed DbCommand (46ms) [Parameters=[@__p_1='?' (DbType = Int32), @__p_0='?' (DbType = Int32)], CommandType='Text', CommandTimeout='30']
      SELECT b.id, b.created_at, b.isrs, b.latitude, b.longitude, b.manager, b.name, b.owner, b.updated_at, b.vild_code
      FROM public.bridges AS b
      LIMIT @__p_1 OFFSET @__p_0
info: Microsoft.EntityFrameworkCore.Database.Command[20101]
      Executed DbCommand (2ms) [Parameters=[], CommandType='Text', CommandTimeout='30']
      SELECT COUNT(*)::INT
      FROM public.bridges AS b
warn: Microsoft.EntityFrameworkCore.Query[10103]
      The query uses the 'First'/'FirstOrDefault' operator without 'OrderBy' and filter operators. This may lead to unpredictable results.
info: Microsoft.EntityFrameworkCore.Database.Command[20101]
      Executed DbCommand (1ms) [Parameters=[], CommandType='Text', CommandTimeout='30']
      SELECT b.id, b.created_at, b.isrs, b.latitude, b.longitude, b.manager, b.name, b.owner, b.updated_at, b.vild_code
      FROM public.bridges AS b
      LIMIT 1
info: Microsoft.AspNetCore.Hosting.Diagnostics[1]
      Request starting HTTP/1.1 GET http://localhost:5000/_content/Radzen.Blazor/fonts/MaterialIcons-Regular.woff - -
info: Microsoft.AspNetCore.StaticFiles.StaticFileMiddleware[6]
      The file /_content/Radzen.Blazor/fonts/MaterialIcons-Regular.woff was not modified
info: Microsoft.AspNetCore.Hosting.Diagnostics[2]
      Request finished HTTP/1.1 GET http://localhost:5000/_content/Radzen.Blazor/fonts/MaterialIcons-Regular.woff - - - 304 - application/font-woff 78.5963ms
info: Microsoft.AspNetCore.Hosting.Diagnostics[1]
      Request starting HTTP/1.1 GET http://localhost:5000/_content/Radzen.Blazor/fonts/SourceSansPro-Semibold.woff - -
info: Microsoft.AspNetCore.Hosting.Diagnostics[1]
      Request starting HTTP/1.1 GET http://localhost:5000/_content/Radzen.Blazor/fonts/SourceSansPro-Bold.woff - -
info: Microsoft.AspNetCore.StaticFiles.StaticFileMiddleware[6]
      The file /_content/Radzen.Blazor/fonts/SourceSansPro-Semibold.woff was not modified
info: Microsoft.AspNetCore.StaticFiles.StaticFileMiddleware[6]
      The file /_content/Radzen.Blazor/fonts/SourceSansPro-Bold.woff was not modified
info: Microsoft.AspNetCore.Hosting.Diagnostics[2]
      Request finished HTTP/1.1 GET http://localhost:5000/_content/Radzen.Blazor/fonts/SourceSansPro-Semibold.woff - - - 304 - application/font-woff 1.0029ms
info: Microsoft.AspNetCore.Hosting.Diagnostics[2]
      Request finished HTTP/1.1 GET http://localhost:5000/_content/Radzen.Blazor/fonts/SourceSansPro-Bold.woff - - - 304 - application/font-woff 1.7385ms
info: Microsoft.EntityFrameworkCore.Database.Command[20101]
      Executed DbCommand (4ms) [Parameters=[], CommandType='Text', CommandTimeout='30']
      SELECT COUNT(*)::INT
      FROM public.sensors AS s
      WHERE s.id = 131
warn: Microsoft.EntityFrameworkCore.Query[10102]
      The query uses a row limiting operator ('Skip'/'Take') without an 'OrderBy' operator. This may lead to unpredictable results. If the 'Distinct' operator is used after 'OrderBy', then make sure to use the 'OrderBy' operator after 'Distinct' as the ordering would otherwise get erased.
warn: Microsoft.EntityFrameworkCore.Query[10102]
      The query uses a row limiting operator ('Skip'/'Take') without an 'OrderBy' operator. This may lead to unpredictable results. If the 'Distinct' operator is used after 'OrderBy', then make sure to use the 'OrderBy' operator after 'Distinct' as the ordering would otherwise get erased.
info: Microsoft.EntityFrameworkCore.Database.Command[20101]
      Executed DbCommand (2ms) [Parameters=[@__p_1='?' (DbType = Int32), @__p_0='?' (DbType = Int32)], CommandType='Text', CommandTimeout='30']
      SELECT t.id, t.bridge_id, t.created_at, t.sensortype, t.udid, t.updated_at, b.id, b.created_at, b.isrs, b.latitude, b.longitude, b.manager, b.name, b.owner, b.updated_at, b.vild_code
      FROM (
          SELECT s.id, s.bridge_id, s.created_at, s.sensortype, s.udid, s.updated_at
          FROM public.sensors AS s
          WHERE s.id = 131
          LIMIT @__p_1 OFFSET @__p_0
      ) AS t
      INNER JOIN public.bridges AS b ON t.bridge_id = b.id
info: Microsoft.EntityFrameworkCore.Database.Command[20101]
      Executed DbCommand (1ms) [Parameters=[], CommandType='Text', CommandTimeout='30']
      SELECT COUNT(*)::INT
      FROM public.sensors AS s
      WHERE s.id = 1
warn: Microsoft.EntityFrameworkCore.Query[10102]
      The query uses a row limiting operator ('Skip'/'Take') without an 'OrderBy' operator. This may lead to unpredictable results. If the 'Distinct' operator is used after 'OrderBy', then make sure to use the 'OrderBy' operator after 'Distinct' as the ordering would otherwise get erased.
warn: Microsoft.EntityFrameworkCore.Query[10102]
      The query uses a row limiting operator ('Skip'/'Take') without an 'OrderBy' operator. This may lead to unpredictable results. If the 'Distinct' operator is used after 'OrderBy', then make sure to use the 'OrderBy' operator after 'Distinct' as the ordering would otherwise get erased.
info: Microsoft.EntityFrameworkCore.Database.Command[20101]
      Executed DbCommand (1ms) [Parameters=[@__p_1='?' (DbType = Int32), @__p_0='?' (DbType = Int32)], CommandType='Text', CommandTimeout='30']
      SELECT t.id, t.bridge_id, t.created_at, t.sensortype, t.udid, t.updated_at, b.id, b.created_at, b.isrs, b.latitude, b.longitude, b.manager, b.name, b.owner, b.updated_at, b.vild_code
      FROM (
          SELECT s.id, s.bridge_id, s.created_at, s.sensortype, s.udid, s.updated_at
          FROM public.sensors AS s
          WHERE s.id = 1
          LIMIT @__p_1 OFFSET @__p_0
      ) AS t
      INNER JOIN public.bridges AS b ON t.bridge_id = b.id
info: Microsoft.EntityFrameworkCore.Database.Command[20101]
      Executed DbCommand (1ms) [Parameters=[], CommandType='Text', CommandTimeout='30']
      SELECT COUNT(*)::INT
      FROM public.sensors AS s
      WHERE s.id = 47
warn: Microsoft.EntityFrameworkCore.Query[10102]
      The query uses a row limiting operator ('Skip'/'Take') without an 'OrderBy' operator. This may lead to unpredictable results. If the 'Distinct' operator is used after 'OrderBy', then make sure to use the 'OrderBy' operator after 'Distinct' as the ordering would otherwise get erased.
warn: Microsoft.EntityFrameworkCore.Query[10102]
      The query uses a row limiting operator ('Skip'/'Take') without an 'OrderBy' operator. This may lead to unpredictable results. If the 'Distinct' operator is used after 'OrderBy', then make sure to use the 'OrderBy' operator after 'Distinct' as the ordering would otherwise get erased.
info: Microsoft.EntityFrameworkCore.Database.Command[20101]
      Executed DbCommand (1ms) [Parameters=[@__p_1='?' (DbType = Int32), @__p_0='?' (DbType = Int32)], CommandType='Text', CommandTimeout='30']
      SELECT t.id, t.bridge_id, t.created_at, t.sensortype, t.udid, t.updated_at, b.id, b.created_at, b.isrs, b.latitude, b.longitude, b.manager, b.name, b.owner, b.updated_at, b.vild_code
      FROM (
          SELECT s.id, s.bridge_id, s.created_at, s.sensortype, s.udid, s.updated_at
          FROM public.sensors AS s
          WHERE s.id = 47
          LIMIT @__p_1 OFFSET @__p_0
      ) AS t
      INNER JOIN public.bridges AS b ON t.bridge_id = b.id
info: Microsoft.EntityFrameworkCore.Database.Command[20101]
      Executed DbCommand (1ms) [Parameters=[], CommandType='Text', CommandTimeout='30']
      SELECT COUNT(*)::INT
      FROM public.sensors AS s
      WHERE s.id = 9
warn: Microsoft.EntityFrameworkCore.Query[10102]
      The query uses a row limiting operator ('Skip'/'Take') without an 'OrderBy' operator. This may lead to unpredictable results. If the 'Distinct' operator is used after 'OrderBy', then make sure to use the 'OrderBy' operator after 'Distinct' as the ordering would otherwise get erased.
warn: Microsoft.EntityFrameworkCore.Query[10102]
      The query uses a row limiting operator ('Skip'/'Take') without an 'OrderBy' operator. This may lead to unpredictable results. If the 'Distinct' operator is used after 'OrderBy', then make sure to use the 'OrderBy' operator after 'Distinct' as the ordering would otherwise get erased.
info: Microsoft.EntityFrameworkCore.Database.Command[20101]
      Executed DbCommand (1ms) [Parameters=[@__p_1='?' (DbType = Int32), @__p_0='?' (DbType = Int32)], CommandType='Text', CommandTimeout='30']
      SELECT t.id, t.bridge_id, t.created_at, t.sensortype, t.udid, t.updated_at, b.id, b.created_at, b.isrs, b.latitude, b.longitude, b.manager, b.name, b.owner, b.updated_at, b.vild_code
      FROM (
          SELECT s.id, s.bridge_id, s.created_at, s.sensortype, s.udid, s.updated_at
          FROM public.sensors AS s
          WHERE s.id = 9
          LIMIT @__p_1 OFFSET @__p_0
      ) AS t
      INNER JOIN public.bridges AS b ON t.bridge_id = b.id
info: Microsoft.EntityFrameworkCore.Database.Command[20101]
      Executed DbCommand (1ms) [Parameters=[], CommandType='Text', CommandTimeout='30']
      SELECT COUNT(*)::INT
      FROM public.sensors AS s
      WHERE s.id = 13
warn: Microsoft.EntityFrameworkCore.Query[10102]
      The query uses a row limiting operator ('Skip'/'Take') without an 'OrderBy' operator. This may lead to unpredictable results. If the 'Distinct' operator is used after 'OrderBy', then make sure to use the 'OrderBy' operator after 'Distinct' as the ordering would otherwise get erased.
warn: Microsoft.EntityFrameworkCore.Query[10102]
      The query uses a row limiting operator ('Skip'/'Take') without an 'OrderBy' operator. This may lead to unpredictable results. If the 'Distinct' operator is used after 'OrderBy', then make sure to use the 'OrderBy' operator after 'Distinct' as the ordering would otherwise get erased.
info: Microsoft.EntityFrameworkCore.Database.Command[20101]
      Executed DbCommand (1ms) [Parameters=[@__p_1='?' (DbType = Int32), @__p_0='?' (DbType = Int32)], CommandType='Text', CommandTimeout='30']
      SELECT t.id, t.bridge_id, t.created_at, t.sensortype, t.udid, t.updated_at, b.id, b.created_at, b.isrs, b.latitude, b.longitude, b.manager, b.name, b.owner, b.updated_at, b.vild_code
      FROM (
          SELECT s.id, s.bridge_id, s.created_at, s.sensortype, s.udid, s.updated_at
          FROM public.sensors AS s
          WHERE s.id = 13
          LIMIT @__p_1 OFFSET @__p_0
      ) AS t
      INNER JOIN public.bridges AS b ON t.bridge_id = b.id
info: Microsoft.EntityFrameworkCore.Database.Command[20101]
      Executed DbCommand (1ms) [Parameters=[], CommandType='Text', CommandTimeout='30']
      SELECT COUNT(*)::INT
      FROM public.sensors AS s
      WHERE s.id = 131
info: Microsoft.EntityFrameworkCore.Database.Command[20101]
      Executed DbCommand (1ms) [Parameters=[@__p_1='?' (DbType = Int32), @__p_0='?' (DbType = Int32)], CommandType='Text', CommandTimeout='30']
      SELECT t.id, t